#-----------------------------------------------------------
# Vivado v2019.2 (64-bit)
# SW Build 2708876 on Wed Nov  6 21:40:23 MST 2019
# IP Build 2700528 on Thu Nov  7 00:09:20 MST 2019
# Start of session at: Sat May  2 10:56:59 2020
# Process ID: 22552
# Current directory: C:/Users/ghenn/Desktop/project_1
# Command line: vivado.exe -gui_launcher_event rodinguilauncherevent4684 C:\Users\ghenn\Desktop\project_1\project_1.xpr
# Log file: C:/Users/ghenn/Desktop/project_1/vivado.log
# Journal file: C:/Users/ghenn/Desktop/project_1\vivado.jou
#-----------------------------------------------------------
start_gui
open_project C:/Users/ghenn/Desktop/project_1/project_1.xpr
Scanning sources...
Finished scanning sources
INFO: [IP_Flow 19-234] Refreshing IP repositories
INFO: [IP_Flow 19-1704] No user IP repositories specified
INFO: [IP_Flow 19-2313] Loaded Vivado IP repository 'A:/Xilinx/Vivado/2019.2/data/ip'.
open_project: Time (s): cpu = 00:00:16 ; elapsed = 00:00:06 . Memory (MB): peak = 767.215 ; gain = 139.898
update_compile_order -fileset sources_1
exit
INFO: [Common 17-206] Exiting Vivado at Sat May  2 10:58:36 2020...
