#-----------------------------------------------------------
# Vivado v2019.2 (64-bit)
# SW Build 2708876 on Wed Nov  6 21:40:23 MST 2019
# IP Build 2700528 on Thu Nov  7 00:09:20 MST 2019
# Start of session at: Fri May 22 15:19:13 2020
# Process ID: 10512
# Current directory: C:/Users/ghenn/Desktop/324CC_Sima_Nicoleta_Lavinia_Lab5
# Command line: vivado.exe -gui_launcher_event rodinguilauncherevent12776 C:\Users\ghenn\Desktop\324CC_Sima_Nicoleta_Lavinia_Lab5\324CC_Sima_Nicoleta_Lavinia_Lab5.xpr
# Log file: C:/Users/ghenn/Desktop/324CC_Sima_Nicoleta_Lavinia_Lab5/vivado.log
# Journal file: C:/Users/ghenn/Desktop/324CC_Sima_Nicoleta_Lavinia_Lab5\vivado.jou
#-----------------------------------------------------------
start_gui
open_project C:/Users/ghenn/Desktop/324CC_Sima_Nicoleta_Lavinia_Lab5/324CC_Sima_Nicoleta_Lavinia_Lab5.xpr
INFO: [Common 17-41] Interrupt caught. Command should exit soon.
INFO: [Common 17-344] 'open_project' was cancelled
exit
INFO: [Common 17-206] Exiting Vivado at Fri May 22 15:19:36 2020...
ning sources
INFO: [IP_Flow 19-234] Refreshing IP repositories
INFO: [IP_Flow 19-1704] No user IP repositories specified
INFO: [IP_Flow 19-2313] Loaded Vivado IP repository 'A:/Xilinx/Vivado/2019.2/data/ip'.
open_project: Time (s): cpu = 00:00:19 ; elapsed = 00:00:10 . Memory (MB): peak = 717.867 ; gain = 125.184
update_compile_order -fileset sources_1
exit
INFO: [Common 17-206] Exiting Vivado at Fri May 22 15:19:33 2020...
